[debug] [2021-11-25T23:52:41.772Z] ----------------------------------------------------------------------
[debug] [2021-11-25T23:52:41.774Z] Command:       C:\Program Files\nodejs\node.exe C:\Users\purem\AppData\Roaming\npm\node_modules\firebase-tools\lib\bin\firebase.js deploy
[debug] [2021-11-25T23:52:41.774Z] CLI Version:   9.18.0
[debug] [2021-11-25T23:52:41.775Z] Platform:      win32
[debug] [2021-11-25T23:52:41.775Z] Node Version:  v16.13.0
[debug] [2021-11-25T23:52:41.777Z] Time:          Fri Nov 26 2021 12:52:41 GMT+1300 (New Zealand Daylight Time)
[debug] [2021-11-25T23:52:41.777Z] ----------------------------------------------------------------------
[debug] 
[debug] [2021-11-25T23:52:41.779Z] >>> [apiv2][query] GET https://firebase-public.firebaseio.com/cli.json [none]
[debug] [2021-11-25T23:52:41.839Z] > command requires scopes: ["email","openid","https://www.googleapis.com/auth/cloudplatformprojects.readonly","https://www.googleapis.com/auth/firebase","https://www.googleapis.com/auth/cloud-platform"]
[debug] [2021-11-25T23:52:41.839Z] > authorizing via signed-in user (puremana@gmail.com)
[debug] [2021-11-25T23:52:41.839Z] [iam] checking project portfolio-website-a71ab for permissions ["firebase.projects.get","firebasehosting.sites.update"]
[debug] [2021-11-25T23:52:41.841Z] > refreshing access token with scopes: ["email","https://www.googleapis.com/auth/cloud-platform","https://www.googleapis.com/auth/cloudplatformprojects.readonly","https://www.googleapis.com/auth/firebase","openid"]
[debug] [2021-11-25T23:52:41.841Z] >>> HTTP REQUEST POST https://www.googleapis.com/oauth2/v3/token  
 <request body omitted>
[debug] [2021-11-25T23:52:42.184Z] <<< HTTP RESPONSE 200 {"pragma":"no-cache","expires":"Mon, 01 Jan 1990 00:00:00 GMT","date":"Thu, 25 Nov 2021 23:52:41 GMT","cache-control":"no-cache, no-store, max-age=0, must-revalidate","content-type":"application/json; charset=utf-8","vary":"X-Origin, Referer, Origin,Accept-Encoding","server":"scaffolding on HTTPServer2","x-xss-protection":"0","x-frame-options":"SAMEORIGIN","x-content-type-options":"nosniff","alt-svc":"h3=\":443\"; ma=2592000,h3-29=\":443\"; ma=2592000,h3-Q050=\":443\"; ma=2592000,h3-Q046=\":443\"; ma=2592000,h3-Q043=\":443\"; ma=2592000,quic=\":443\"; ma=2592000; v=\"46,43\"","accept-ranges":"none","transfer-encoding":"chunked"}
[debug] [2021-11-25T23:52:42.192Z] >>> HTTP REQUEST POST https://cloudresourcemanager.googleapis.com/v1/projects/portfolio-website-a71ab:testIamPermissions  
 {"permissions":["firebase.projects.get","firebasehosting.sites.update"]}
[debug] [2021-11-25T23:52:42.608Z] <<< [apiv2][status] GET https://firebase-public.firebaseio.com/cli.json 200
[debug] [2021-11-25T23:52:42.608Z] <<< [apiv2][body] GET https://firebase-public.firebaseio.com/cli.json {"cloudBuildErrorAfter":1594252800000,"cloudBuildWarnAfter":1590019200000,"defaultNode10After":1594252800000,"minVersion":"3.0.5","node8DeploysDisabledAfter":1613390400000,"node8RuntimeDisabledAfter":1615809600000,"node8WarnAfter":1600128000000}
[debug] [2021-11-25T23:52:43.248Z] <<< HTTP RESPONSE 200 {"content-type":"application/json; charset=UTF-8","vary":"X-Origin, Referer, Origin,Accept-Encoding","date":"Thu, 25 Nov 2021 23:52:42 GMT","server":"ESF","cache-control":"private","x-xss-protection":"0","x-frame-options":"SAMEORIGIN","x-content-type-options":"nosniff","server-timing":"gfet4t7; dur=853","alt-svc":"h3=\":443\"; ma=2592000,h3-29=\":443\"; ma=2592000,h3-Q050=\":443\"; ma=2592000,h3-Q046=\":443\"; ma=2592000,h3-Q043=\":443\"; ma=2592000,quic=\":443\"; ma=2592000; v=\"46,43\"","accept-ranges":"none","transfer-encoding":"chunked"}
[debug] [2021-11-25T23:52:43.249Z] > refreshing access token with scopes: []
[debug] [2021-11-25T23:52:43.249Z] >>> HTTP REQUEST POST https://www.googleapis.com/oauth2/v3/token  
 <request body omitted>
[debug] [2021-11-25T23:52:43.554Z] <<< HTTP RESPONSE 200 {"cache-control":"no-cache, no-store, max-age=0, must-revalidate","date":"Thu, 25 Nov 2021 23:52:42 GMT","expires":"Mon, 01 Jan 1990 00:00:00 GMT","pragma":"no-cache","content-type":"application/json; charset=utf-8","vary":"X-Origin, Referer, Origin,Accept-Encoding","server":"scaffolding on HTTPServer2","x-xss-protection":"0","x-frame-options":"SAMEORIGIN","x-content-type-options":"nosniff","alt-svc":"h3=\":443\"; ma=2592000,h3-29=\":443\"; ma=2592000,h3-Q050=\":443\"; ma=2592000,h3-Q046=\":443\"; ma=2592000,h3-Q043=\":443\"; ma=2592000,quic=\":443\"; ma=2592000; v=\"46,43\"","accept-ranges":"none","transfer-encoding":"chunked"}
[debug] [2021-11-25T23:52:43.560Z] >>> [apiv2][query] GET https://firebase.googleapis.com/v1beta1/projects/portfolio-website-a71ab [none]
[debug] [2021-11-25T23:52:44.117Z] <<< [apiv2][status] GET https://firebase.googleapis.com/v1beta1/projects/portfolio-website-a71ab 200
[debug] [2021-11-25T23:52:44.117Z] <<< [apiv2][body] GET https://firebase.googleapis.com/v1beta1/projects/portfolio-website-a71ab {"projectId":"portfolio-website-a71ab","projectNumber":"640936528081","displayName":"Portfolio Website","name":"projects/portfolio-website-a71ab","resources":{"hostingSite":"portfolio-website-a71ab","realtimeDatabaseInstance":"portfolio-website-a71ab","storageBucket":"portfolio-website-a71ab.appspot.com","locationId":"us-central"},"state":"ACTIVE"}
[info] 
[info] === Deploying to 'portfolio-website-a71ab'...
[info] 
[info] i  deploying hosting 
[debug] [2021-11-25T23:52:44.121Z] > refreshing access token with scopes: ["email","https://www.googleapis.com/auth/cloud-platform","https://www.googleapis.com/auth/cloudplatformprojects.readonly","https://www.googleapis.com/auth/firebase","openid"]
[debug] [2021-11-25T23:52:44.121Z] >>> HTTP REQUEST POST https://www.googleapis.com/oauth2/v3/token  
 <request body omitted>
[debug] [2021-11-25T23:52:44.417Z] <<< HTTP RESPONSE 200 {"cache-control":"no-cache, no-store, max-age=0, must-revalidate","expires":"Mon, 01 Jan 1990 00:00:00 GMT","date":"Thu, 25 Nov 2021 23:52:43 GMT","pragma":"no-cache","content-type":"application/json; charset=utf-8","vary":"X-Origin, Referer, Origin,Accept-Encoding","server":"scaffolding on HTTPServer2","x-xss-protection":"0","x-frame-options":"SAMEORIGIN","x-content-type-options":"nosniff","alt-svc":"h3=\":443\"; ma=2592000,h3-29=\":443\"; ma=2592000,h3-Q050=\":443\"; ma=2592000,h3-Q046=\":443\"; ma=2592000,h3-Q043=\":443\"; ma=2592000,quic=\":443\"; ma=2592000; v=\"46,43\"","accept-ranges":"none","transfer-encoding":"chunked"}
[debug] [2021-11-25T23:52:44.423Z] >>> HTTP REQUEST POST https://firebasehosting.googleapis.com/v1beta1/sites/portfolio-website-a71ab/versions  
 {"config":{"rewrites":[{"glob":"**","path":"/index.html"}],"headers":[{"glob":"**/*.@(eot|otf|ttf|ttc|woff|font.css)","headers":{"Access-Control-Allow-Origin":"*"}},{"glob":"**/*.@(js|css)","headers":{"Cache-Control":"max-age=604800"}},{"glob":"**/*.@(jpg|jpeg|gif|png|webp)","headers":{"Cache-Control":"max-age=604800"}},{"glob":"404.html","headers":{"Cache-Control":"max-age=300"}}]},"labels":{"deployment-tool":"cli-firebase"}}
[debug] [2021-11-25T23:52:46.178Z] <<< HTTP RESPONSE 200 {"content-type":"application/json; charset=UTF-8","vary":"X-Origin, Referer, Origin,Accept-Encoding","date":"Thu, 25 Nov 2021 23:52:45 GMT","server":"ESF","cache-control":"private","x-xss-protection":"0","x-frame-options":"SAMEORIGIN","x-content-type-options":"nosniff","alt-svc":"h3=\":443\"; ma=2592000,h3-29=\":443\"; ma=2592000,h3-Q050=\":443\"; ma=2592000,h3-Q046=\":443\"; ma=2592000,h3-Q043=\":443\"; ma=2592000,quic=\":443\"; ma=2592000; v=\"46,43\"","accept-ranges":"none","transfer-encoding":"chunked"}
[info] i  hosting[portfolio-website-a71ab]: beginning deploy... 
[info] i  hosting[portfolio-website-a71ab]: found 67 files in build 
[debug] [2021-11-25T23:52:46.290Z] > refreshing access token with scopes: []
[debug] [2021-11-25T23:52:46.290Z] >>> HTTP REQUEST POST https://www.googleapis.com/oauth2/v3/token  
 <request body omitted>
[debug] [2021-11-25T23:52:46.291Z] [hosting] hash cache [YnVpbGQ] stored for 67 files
[debug] [2021-11-25T23:52:46.292Z] [hosting][hash queue][FINAL] {"max":69,"min":11,"avg":29.656716417910456,"active":0,"complete":67,"success":67,"errored":0,"retried":0,"total":67,"elapsed":94}
[debug] [2021-11-25T23:52:46.586Z] <<< HTTP RESPONSE 200 {"expires":"Mon, 01 Jan 1990 00:00:00 GMT","cache-control":"no-cache, no-store, max-age=0, must-revalidate","date":"Thu, 25 Nov 2021 23:52:45 GMT","pragma":"no-cache","content-type":"application/json; charset=utf-8","vary":"X-Origin, Referer, Origin,Accept-Encoding","server":"scaffolding on HTTPServer2","x-xss-protection":"0","x-frame-options":"SAMEORIGIN","x-content-type-options":"nosniff","alt-svc":"h3=\":443\"; ma=2592000,h3-29=\":443\"; ma=2592000,h3-Q050=\":443\"; ma=2592000,h3-Q046=\":443\"; ma=2592000,h3-Q043=\":443\"; ma=2592000,quic=\":443\"; ma=2592000; v=\"46,43\"","accept-ranges":"none","transfer-encoding":"chunked"}
[debug] [2021-11-25T23:52:46.590Z] >>> [apiv2][query] POST https://firebasehosting.googleapis.com/v1beta1/sites/portfolio-website-a71ab/versions/747985326ff385dd:populateFiles [none]
[debug] [2021-11-25T23:52:46.590Z] >>> [apiv2][body] POST https://firebasehosting.googleapis.com/v1beta1/sites/portfolio-website-a71ab/versions/747985326ff385dd:populateFiles {"files":{"/asset-manifest.json":"dd0067cbd467b7a140d5e58d95d85d8e8510c9e96822104d571a31cc2b50b771","/browserconfig.xml":"48e26a004355e425652c9227e31263e6b18c7ab03187ae589e48bd334ce38619","/manifest.json":"11b07103c1dfc8aba191c44d58bdc756da2966df93e7a4fccb1e36c609d09ea4","/robots.txt":"860af422af6187d97e7a24b973b1839d4800764625f1ba45918f7331b8cbdf85","/service-worker.js":"14110b06dd8cdd2fa21e6da0f83b95c4c913251341a77ebeee9200157da9a376","/index.html":"2c4ff96c3a773ad8f16a4ac86e31e2feea7ed585b299a42b4455012be4dae17f","/precache-manifest.c1a93bcff764c8acaaaf2f5bc4d324f1.js":"551bb55d99dfa8d4cec73579055400c449b8bc19dd578c2be89950948c0b2eeb","/img/favicon/android-icon-36x36.png":"f3dc71e6a297c44ed71c6d4108dfa2b9cdb8d8ba298d6ef6001ba4b715c53d31","/img/favicon/android-icon-48x48.png":"e5dfd400bc6cac6d806d9333a12f4588cf28cd9b83457514763939867a9e0814","/img/favicon/android-icon-72x72.png":"18b4e828d183582656fc2f04a2ca372c8133f15cbfb7877edda997d165102db5","/img/favicon/apple-icon-57x57.png":"df24d9bc746c11574675eeff59ae11f29857660050024e6b55633863aac7f353","/img/favicon/apple-icon-60x60.png":"68e36de7a1ecd17646179b489ec9c39eedf73f8e1a5936950b4f6423d3ccbe0d","/img/favicon/apple-icon-72x72.png":"18b4e828d183582656fc2f04a2ca372c8133f15cbfb7877edda997d165102db5","/img/favicon/apple-icon-76x76.png":"2a5615d4909225f2fd8e1feec4ef301e2f165013b08eba65ef9aa96041fba579","/img/favicon/favicon-16x16.png":"7b7018ef635d1070cc3ded838b86abd062383312f194050e3f91ef6f7f35b589","/img/favicon/favicon-32x32.png":"5c298f8271e2a1ee93e441c753acc085489099c9990af4d5c17b657edf9e2373","/img/favicon/favicon.ico":"bc344387164133739850caa6c1a03436074117d966515619fad34a9e05016c11","/img/favicon/ms-icon-70x70.png":"ddebb308e0dce083578de82489568962b96969062e8908d4a282df5fe79caef4","/img/svg/luminateone-logo.svg":"9da04c9b1d043782f41036dc3d7488cd3135963114767b329e244c6e909eb84a","/img/svg/ninetyblack-logo.svg":"04c6f1d9f2b5608d46fc438b2d64bcb20faa3afd69fac8abfce73e3e4568c53e","/img/favicon/android-icon-96x96.png":"3ce2dc17d7c3ea93410533f2976aad000909f40e3ea32ccba190e57eb2793054","/img/favicon/apple-icon-114x114.png":"b3a026d2b5b70b834591e1212f7017966aa18888f290c84101d6ff54b50bb3a3","/img/favicon/apple-icon-120x120.png":"1078ea0004a22329ddf978d9b1d1598618bb5b6c7cab36e205fd8524fb7142c5","/img/favicon/favicon-96x96.png":"3ce2dc17d7c3ea93410533f2976aad000909f40e3ea32ccba190e57eb2793054","/img/favicon/android-icon-144x144.png":"0b2ff09d3144a2fe3974c2c903bef73e16f6624e8cfd522fc14a1a8ce71f1760","/img/favicon/apple-icon-152x152.png":"30343de19953e6c77e7ecd0e10150fce2399c4c153b1f660dd3453668c55b96b","/img/favicon/ms-icon-144x144.png":"0b2ff09d3144a2fe3974c2c903bef73e16f6624e8cfd522fc14a1a8ce71f1760","/img/favicon/apple-icon-144x144.png":"0b2ff09d3144a2fe3974c2c903bef73e16f6624e8cfd522fc14a1a8ce71f1760","/img/favicon/ms-icon-150x150.png":"b5b7ea64609d191cada120f7ec8eaefcd540a97c26b4db5554d710e8f5919384","/img/webp/iou-bot.webp":"7b1ed96cc9e35773af2faaa624ca61a6e96fb23da131c9eb510cb3fedf25423d","/img/favicon/apple-icon-180x180.png":"c1013798926d9318eb39bdebd1f07aa8ab3f58d616d250a62b474365c28cf5e1","/img/favicon/android-icon-192x192.png":"501db7b1776a695693045ed4c28c2bef02b6c801c0e392b53a6607c1287c07ab","/img/favicon/apple-icon-precomposed.png":"0928af0c945f092e883a8d601fc5cda4c55e8dac4f8063511ff944c8f5a4e07f","/img/favicon/apple-icon.png":"0928af0c945f092e883a8d601fc5cda4c55e8dac4f8063511ff944c8f5a4e07f","/img/png/ninetyblack-logo.png":"c169f538f024c5f52e6f6f72707c0bdb9672c03b00eb2edf4f6edec8e51545f7","/static/css/main.fc0bc44b.chunk.css":"be9ac7cb68e9e4800447ae98f91e5a1c7a8f776f2a545016056f65d9a7c29d9a","/static/js/2.d0e6bd68.chunk.js.LICENSE.txt":"071e910a709314d8a9cf720c160aaeca8520770e7170afac5224d154a5d34336","/static/css/main.fc0bc44b.chunk.css.map":"ff1951bd92969a2165ed0738e6dc7bd80394c1b6fb7916eeb0246a15b53e3e44","/static/js/main.441de0f7.chunk.js":"bbd583d730512ec6478d243b3ef8339ed5d5970d76806faf13f8e1bec5751b44","/static/js/runtime-main.c6e37e88.js":"d7595d5c3f9b061c957f7619a00c6e5bdcb0478ed7b2fea77b9bb436dc8a7c32","/static/js/runtime-main.c6e37e88.js.map":"df6447dc74cfccfffef178e6a94fcdbe17bc837c67e524684d54b68e7794a63c","/static/js/main.441de0f7.chunk.js.map":"c50d082632019fdfb960ee34850e53cc638b69af920dd80871b4e43253c89e88","/img/webp/profile.webp":"2daac285d1c00d09b3c36a9354ea05183d2a30f9dc44ddf449a8126ffac0047a","/img/jpg/iou-bot.jpg":"cd8e481e1f191cb8fc07dc763be4dba7fa8c801d7e7a9384a953c35fe21717ee","/img/favicon/ms-icon-310x310.png":"51d2b9ace677fedcd13a8493ce4e8367695cce82ae194bb4d6d55e047dc05c55","/static/js/2.d0e6bd68.chunk.js":"ff002a14e4ef559741dcbdb6640e274387218c60c4556df03359d7bae4c937c0","/img/webp/iourpg-website.webp":"7e7b2b49b0c5489a5e987b57479de5b2433f0bb691429ac0f124e60e5d28c683","/img/webp/random-food-picker.webp":"24f458adb5b54a13888da86facb5b6e51387b31b2f3a5f99265ce1e0b77351b9","/img/webp/new-zealand-police-logo.webp":"00954013ea0bd465450812ad75202d0fc87c24515f3d0a1e837b357a64f94514","/img/jpg/new-zealand-police-logo.jpg":"afd793b31838d2e1f49d81e8b30f54d920095a763c39d96dda96e3bef84d1078","/img/webp/iou-helper.webp":"d77868c4e41e52ee1cc6138db8db8fe18d94af0e1c67e051444cc605bcf47d34","/img/webp/vail-vr-discord-bot.webp":"aebd1746258de1dcca40821b99d8ae0d8fdf301ab984ae5c09b11f2d38824cce","/img/webp/wedding-website.webp":"13dc754fd318378cd342a4a40153231dcba345122c5da9a51276e11c60fce57a","/img/webp/f2p-wiki.webp":"c799c6ca6041dccb055ddedd85057bd3566c6bf514f6f14ef8ca185432da3000","/img/webp/mylistings-example-image.webp":"08aec2816ab82ee315b54285627cdc529f81f711bb8de066cf8a287c19b4fd70","/img/jpg/mylistings-example-image.jpg":"a61035775857e5635a1cbc3c911514bad344d3247fb9ec831ae9191bdffa15c3","/img/jpg/vail-vr-discord-bot.jpg":"fea9bee1d43cf82e9b9ddcc902c1d5cb96666ef8c8567a6a3a6b997867557aa8","/img/jpg/iourpg-website.jpg":"a1e76d73bb4c48c780de67fef1085cd548583c1b2dee8fb1f125d4476c648516","/img/jpg/f2p-wiki.jpg":"0993d4359781a39e319b508c0ad66da3e619d95bb775e65035244c8625eb39cf","/img/webp/iou-helper-2.webp":"8ffc8ac69197edcd045cf15b6e6ef36961bbfb9aef53423fc273cef57fff0bae","/img/jpg/iou-helper-2.jpg":"bd5958924220d5227892441323b72f415e8ebaf0c635ca44252b50f628c51525","/img/jpg/random-food-picker.jpg":"990026b710364cb1a62d786a397c11b8396c5065365b6d90d18b60de7550473d","/img/jpg/iou-helper.jpg":"555253c543602bd6c646cb1890ffbe7f1314644e75f07d5eb8419f0f034fa59c","/img/png/profile.png":"47c993f7c7beea7de21f4dd9fb35911d4767b8c5fd38a272a0ec102c536bc826","/img/jpg/wedding-website.jpg":"cb0859a268c5c64de77fac559708fa70f88c3382461fc6270d4380751146f430","/img/png/icon-512.png":"5c7caeca4f28bfb3422974b9bdbd9dc279675f93e5c2f316698808c64f672f0a","/static/js/2.d0e6bd68.chunk.js.map":"d74f16a81cf31f0f3dca5779a175f1524ca7ea07a91a332ed4ab19fb3445c2d9"}}
[debug] [2021-11-25T23:52:48.120Z] <<< [apiv2][status] POST https://firebasehosting.googleapis.com/v1beta1/sites/portfolio-website-a71ab/versions/747985326ff385dd:populateFiles 200
[debug] [2021-11-25T23:52:48.120Z] <<< [apiv2][body] POST https://firebasehosting.googleapis.com/v1beta1/sites/portfolio-website-a71ab/versions/747985326ff385dd:populateFiles {"uploadRequiredHashes":["ff002a14e4ef559741dcbdb6640e274387218c60c4556df03359d7bae4c937c0","aebd1746258de1dcca40821b99d8ae0d8fdf301ab984ae5c09b11f2d38824cce","c50d082632019fdfb960ee34850e53cc638b69af920dd80871b4e43253c89e88","fea9bee1d43cf82e9b9ddcc902c1d5cb96666ef8c8567a6a3a6b997867557aa8","bbd583d730512ec6478d243b3ef8339ed5d5970d76806faf13f8e1bec5751b44","dd0067cbd467b7a140d5e58d95d85d8e8510c9e96822104d571a31cc2b50b771","d74f16a81cf31f0f3dca5779a175f1524ca7ea07a91a332ed4ab19fb3445c2d9","ff1951bd92969a2165ed0738e6dc7bd80394c1b6fb7916eeb0246a15b53e3e44","551bb55d99dfa8d4cec73579055400c449b8bc19dd578c2be89950948c0b2eeb","14110b06dd8cdd2fa21e6da0f83b95c4c913251341a77ebeee9200157da9a376","be9ac7cb68e9e4800447ae98f91e5a1c7a8f776f2a545016056f65d9a7c29d9a","2c4ff96c3a773ad8f16a4ac86e31e2feea7ed585b299a42b4455012be4dae17f"],"uploadUrl":"https://upload-firebasehosting.googleapis.com/upload/sites/portfolio-website-a71ab/versions/747985326ff385dd/files"}
[debug] [2021-11-25T23:52:48.122Z] >>> [apiv2][query] POST https://upload-firebasehosting.googleapis.com/upload/sites/portfolio-website-a71ab/versions/747985326ff385dd/files/ff002a14e4ef559741dcbdb6640e274387218c60c4556df03359d7bae4c937c0 [none]
[debug] [2021-11-25T23:52:48.122Z] >>> [apiv2][body] POST https://upload-firebasehosting.googleapis.com/upload/sites/portfolio-website-a71ab/versions/747985326ff385dd/files/ff002a14e4ef559741dcbdb6640e274387218c60c4556df03359d7bae4c937c0 [stream]
[debug] [2021-11-25T23:52:48.124Z] >>> [apiv2][query] POST https://upload-firebasehosting.googleapis.com/upload/sites/portfolio-website-a71ab/versions/747985326ff385dd/files/aebd1746258de1dcca40821b99d8ae0d8fdf301ab984ae5c09b11f2d38824cce [none]
[debug] [2021-11-25T23:52:48.124Z] >>> [apiv2][body] POST https://upload-firebasehosting.googleapis.com/upload/sites/portfolio-website-a71ab/versions/747985326ff385dd/files/aebd1746258de1dcca40821b99d8ae0d8fdf301ab984ae5c09b11f2d38824cce [stream]
[debug] [2021-11-25T23:52:48.125Z] >>> [apiv2][query] POST https://upload-firebasehosting.googleapis.com/upload/sites/portfolio-website-a71ab/versions/747985326ff385dd/files/c50d082632019fdfb960ee34850e53cc638b69af920dd80871b4e43253c89e88 [none]
[debug] [2021-11-25T23:52:48.125Z] >>> [apiv2][body] POST https://upload-firebasehosting.googleapis.com/upload/sites/portfolio-website-a71ab/versions/747985326ff385dd/files/c50d082632019fdfb960ee34850e53cc638b69af920dd80871b4e43253c89e88 [stream]
[debug] [2021-11-25T23:52:48.126Z] >>> [apiv2][query] POST https://upload-firebasehosting.googleapis.com/upload/sites/portfolio-website-a71ab/versions/747985326ff385dd/files/fea9bee1d43cf82e9b9ddcc902c1d5cb96666ef8c8567a6a3a6b997867557aa8 [none]
[debug] [2021-11-25T23:52:48.126Z] >>> [apiv2][body] POST https://upload-firebasehosting.googleapis.com/upload/sites/portfolio-website-a71ab/versions/747985326ff385dd/files/fea9bee1d43cf82e9b9ddcc902c1d5cb96666ef8c8567a6a3a6b997867557aa8 [stream]
[debug] [2021-11-25T23:52:48.127Z] >>> [apiv2][query] POST https://upload-firebasehosting.googleapis.com/upload/sites/portfolio-website-a71ab/versions/747985326ff385dd/files/bbd583d730512ec6478d243b3ef8339ed5d5970d76806faf13f8e1bec5751b44 [none]
[debug] [2021-11-25T23:52:48.127Z] >>> [apiv2][body] POST https://upload-firebasehosting.googleapis.com/upload/sites/portfolio-website-a71ab/versions/747985326ff385dd/files/bbd583d730512ec6478d243b3ef8339ed5d5970d76806faf13f8e1bec5751b44 [stream]
[debug] [2021-11-25T23:52:48.129Z] >>> [apiv2][query] POST https://upload-firebasehosting.googleapis.com/upload/sites/portfolio-website-a71ab/versions/747985326ff385dd/files/dd0067cbd467b7a140d5e58d95d85d8e8510c9e96822104d571a31cc2b50b771 [none]
[debug] [2021-11-25T23:52:48.130Z] >>> [apiv2][body] POST https://upload-firebasehosting.googleapis.com/upload/sites/portfolio-website-a71ab/versions/747985326ff385dd/files/dd0067cbd467b7a140d5e58d95d85d8e8510c9e96822104d571a31cc2b50b771 [stream]
[debug] [2021-11-25T23:52:48.131Z] >>> [apiv2][query] POST https://upload-firebasehosting.googleapis.com/upload/sites/portfolio-website-a71ab/versions/747985326ff385dd/files/d74f16a81cf31f0f3dca5779a175f1524ca7ea07a91a332ed4ab19fb3445c2d9 [none]
[debug] [2021-11-25T23:52:48.131Z] >>> [apiv2][body] POST https://upload-firebasehosting.googleapis.com/upload/sites/portfolio-website-a71ab/versions/747985326ff385dd/files/d74f16a81cf31f0f3dca5779a175f1524ca7ea07a91a332ed4ab19fb3445c2d9 [stream]
[debug] [2021-11-25T23:52:48.132Z] >>> [apiv2][query] POST https://upload-firebasehosting.googleapis.com/upload/sites/portfolio-website-a71ab/versions/747985326ff385dd/files/ff1951bd92969a2165ed0738e6dc7bd80394c1b6fb7916eeb0246a15b53e3e44 [none]
[debug] [2021-11-25T23:52:48.132Z] >>> [apiv2][body] POST https://upload-firebasehosting.googleapis.com/upload/sites/portfolio-website-a71ab/versions/747985326ff385dd/files/ff1951bd92969a2165ed0738e6dc7bd80394c1b6fb7916eeb0246a15b53e3e44 [stream]
[debug] [2021-11-25T23:52:48.132Z] >>> [apiv2][query] POST https://upload-firebasehosting.googleapis.com/upload/sites/portfolio-website-a71ab/versions/747985326ff385dd/files/551bb55d99dfa8d4cec73579055400c449b8bc19dd578c2be89950948c0b2eeb [none]
[debug] [2021-11-25T23:52:48.132Z] >>> [apiv2][body] POST https://upload-firebasehosting.googleapis.com/upload/sites/portfolio-website-a71ab/versions/747985326ff385dd/files/551bb55d99dfa8d4cec73579055400c449b8bc19dd578c2be89950948c0b2eeb [stream]
[debug] [2021-11-25T23:52:48.133Z] >>> [apiv2][query] POST https://upload-firebasehosting.googleapis.com/upload/sites/portfolio-website-a71ab/versions/747985326ff385dd/files/14110b06dd8cdd2fa21e6da0f83b95c4c913251341a77ebeee9200157da9a376 [none]
[debug] [2021-11-25T23:52:48.133Z] >>> [apiv2][body] POST https://upload-firebasehosting.googleapis.com/upload/sites/portfolio-website-a71ab/versions/747985326ff385dd/files/14110b06dd8cdd2fa21e6da0f83b95c4c913251341a77ebeee9200157da9a376 [stream]
[debug] [2021-11-25T23:52:48.134Z] >>> [apiv2][query] POST https://upload-firebasehosting.googleapis.com/upload/sites/portfolio-website-a71ab/versions/747985326ff385dd/files/be9ac7cb68e9e4800447ae98f91e5a1c7a8f776f2a545016056f65d9a7c29d9a [none]
[debug] [2021-11-25T23:52:48.134Z] >>> [apiv2][body] POST https://upload-firebasehosting.googleapis.com/upload/sites/portfolio-website-a71ab/versions/747985326ff385dd/files/be9ac7cb68e9e4800447ae98f91e5a1c7a8f776f2a545016056f65d9a7c29d9a [stream]
[debug] [2021-11-25T23:52:48.135Z] >>> [apiv2][query] POST https://upload-firebasehosting.googleapis.com/upload/sites/portfolio-website-a71ab/versions/747985326ff385dd/files/2c4ff96c3a773ad8f16a4ac86e31e2feea7ed585b299a42b4455012be4dae17f [none]
[debug] [2021-11-25T23:52:48.135Z] >>> [apiv2][body] POST https://upload-firebasehosting.googleapis.com/upload/sites/portfolio-website-a71ab/versions/747985326ff385dd/files/2c4ff96c3a773ad8f16a4ac86e31e2feea7ed585b299a42b4455012be4dae17f [stream]
[debug] [2021-11-25T23:52:48.136Z] [hosting][populate queue][FINAL] {"max":1832,"min":1832,"avg":1832,"active":0,"complete":1,"success":1,"errored":0,"retried":0,"total":1,"elapsed":1846}
[debug] [2021-11-25T23:52:48.136Z] [hosting] uploads queued: 12
[debug] [2021-11-25T23:52:49.961Z] <<< [apiv2][status] POST https://upload-firebasehosting.googleapis.com/upload/sites/portfolio-website-a71ab/versions/747985326ff385dd/files/be9ac7cb68e9e4800447ae98f91e5a1c7a8f776f2a545016056f65d9a7c29d9a 200
[debug] [2021-11-25T23:52:49.961Z] <<< [apiv2][body] POST https://upload-firebasehosting.googleapis.com/upload/sites/portfolio-website-a71ab/versions/747985326ff385dd/files/be9ac7cb68e9e4800447ae98f91e5a1c7a8f776f2a545016056f65d9a7c29d9a [stream]
[debug] [2021-11-25T23:52:50.571Z] <<< [apiv2][status] POST https://upload-firebasehosting.googleapis.com/upload/sites/portfolio-website-a71ab/versions/747985326ff385dd/files/dd0067cbd467b7a140d5e58d95d85d8e8510c9e96822104d571a31cc2b50b771 200
[debug] [2021-11-25T23:52:50.571Z] <<< [apiv2][body] POST https://upload-firebasehosting.googleapis.com/upload/sites/portfolio-website-a71ab/versions/747985326ff385dd/files/dd0067cbd467b7a140d5e58d95d85d8e8510c9e96822104d571a31cc2b50b771 [stream]
[debug] [2021-11-25T23:52:50.590Z] <<< [apiv2][status] POST https://upload-firebasehosting.googleapis.com/upload/sites/portfolio-website-a71ab/versions/747985326ff385dd/files/bbd583d730512ec6478d243b3ef8339ed5d5970d76806faf13f8e1bec5751b44 200
[debug] [2021-11-25T23:52:50.591Z] <<< [apiv2][body] POST https://upload-firebasehosting.googleapis.com/upload/sites/portfolio-website-a71ab/versions/747985326ff385dd/files/bbd583d730512ec6478d243b3ef8339ed5d5970d76806faf13f8e1bec5751b44 [stream]
[debug] [2021-11-25T23:52:50.624Z] <<< [apiv2][status] POST https://upload-firebasehosting.googleapis.com/upload/sites/portfolio-website-a71ab/versions/747985326ff385dd/files/c50d082632019fdfb960ee34850e53cc638b69af920dd80871b4e43253c89e88 200
[debug] [2021-11-25T23:52:50.624Z] <<< [apiv2][body] POST https://upload-firebasehosting.googleapis.com/upload/sites/portfolio-website-a71ab/versions/747985326ff385dd/files/c50d082632019fdfb960ee34850e53cc638b69af920dd80871b4e43253c89e88 [stream]
[debug] [2021-11-25T23:52:50.696Z] <<< [apiv2][status] POST https://upload-firebasehosting.googleapis.com/upload/sites/portfolio-website-a71ab/versions/747985326ff385dd/files/d74f16a81cf31f0f3dca5779a175f1524ca7ea07a91a332ed4ab19fb3445c2d9 200
[debug] [2021-11-25T23:52:50.696Z] <<< [apiv2][body] POST https://upload-firebasehosting.googleapis.com/upload/sites/portfolio-website-a71ab/versions/747985326ff385dd/files/d74f16a81cf31f0f3dca5779a175f1524ca7ea07a91a332ed4ab19fb3445c2d9 [stream]
[debug] [2021-11-25T23:52:50.757Z] <<< [apiv2][status] POST https://upload-firebasehosting.googleapis.com/upload/sites/portfolio-website-a71ab/versions/747985326ff385dd/files/aebd1746258de1dcca40821b99d8ae0d8fdf301ab984ae5c09b11f2d38824cce 200
[debug] [2021-11-25T23:52:50.758Z] <<< [apiv2][body] POST https://upload-firebasehosting.googleapis.com/upload/sites/portfolio-website-a71ab/versions/747985326ff385dd/files/aebd1746258de1dcca40821b99d8ae0d8fdf301ab984ae5c09b11f2d38824cce [stream]
[debug] [2021-11-25T23:52:51.207Z] <<< [apiv2][status] POST https://upload-firebasehosting.googleapis.com/upload/sites/portfolio-website-a71ab/versions/747985326ff385dd/files/ff1951bd92969a2165ed0738e6dc7bd80394c1b6fb7916eeb0246a15b53e3e44 200
[debug] [2021-11-25T23:52:51.207Z] <<< [apiv2][body] POST https://upload-firebasehosting.googleapis.com/upload/sites/portfolio-website-a71ab/versions/747985326ff385dd/files/ff1951bd92969a2165ed0738e6dc7bd80394c1b6fb7916eeb0246a15b53e3e44 [stream]
[debug] [2021-11-25T23:52:51.210Z] <<< [apiv2][status] POST https://upload-firebasehosting.googleapis.com/upload/sites/portfolio-website-a71ab/versions/747985326ff385dd/files/2c4ff96c3a773ad8f16a4ac86e31e2feea7ed585b299a42b4455012be4dae17f 200
[debug] [2021-11-25T23:52:51.210Z] <<< [apiv2][body] POST https://upload-firebasehosting.googleapis.com/upload/sites/portfolio-website-a71ab/versions/747985326ff385dd/files/2c4ff96c3a773ad8f16a4ac86e31e2feea7ed585b299a42b4455012be4dae17f [stream]
[debug] [2021-11-25T23:52:51.230Z] <<< [apiv2][status] POST https://upload-firebasehosting.googleapis.com/upload/sites/portfolio-website-a71ab/versions/747985326ff385dd/files/551bb55d99dfa8d4cec73579055400c449b8bc19dd578c2be89950948c0b2eeb 200
[debug] [2021-11-25T23:52:51.230Z] <<< [apiv2][body] POST https://upload-firebasehosting.googleapis.com/upload/sites/portfolio-website-a71ab/versions/747985326ff385dd/files/551bb55d99dfa8d4cec73579055400c449b8bc19dd578c2be89950948c0b2eeb [stream]
[debug] [2021-11-25T23:52:51.537Z] <<< [apiv2][status] POST https://upload-firebasehosting.googleapis.com/upload/sites/portfolio-website-a71ab/versions/747985326ff385dd/files/ff002a14e4ef559741dcbdb6640e274387218c60c4556df03359d7bae4c937c0 200
[debug] [2021-11-25T23:52:51.537Z] <<< [apiv2][body] POST https://upload-firebasehosting.googleapis.com/upload/sites/portfolio-website-a71ab/versions/747985326ff385dd/files/ff002a14e4ef559741dcbdb6640e274387218c60c4556df03359d7bae4c937c0 [stream]
[debug] [2021-11-25T23:52:51.898Z] <<< [apiv2][status] POST https://upload-firebasehosting.googleapis.com/upload/sites/portfolio-website-a71ab/versions/747985326ff385dd/files/fea9bee1d43cf82e9b9ddcc902c1d5cb96666ef8c8567a6a3a6b997867557aa8 200
[debug] [2021-11-25T23:52:51.898Z] <<< [apiv2][body] POST https://upload-firebasehosting.googleapis.com/upload/sites/portfolio-website-a71ab/versions/747985326ff385dd/files/fea9bee1d43cf82e9b9ddcc902c1d5cb96666ef8c8567a6a3a6b997867557aa8 [stream]
